-------------------------------------------------------------------------------
Test set: com.bitcamp.aura.AuraApplicationTests
-------------------------------------------------------------------------------
Tests run: 1, Failures: 0, Errors: 1, Skipped: 0, Time elapsed: 0.139 s <<< FAILURE! - in com.bitcamp.aura.AuraApplicationTests
initializationError(com.bitcamp.aura.AuraApplicationTests)  Time elapsed: 0.004 s  <<< ERROR!
java.lang.Exception: No runnable methods

